1669727219295	geckodriver	INFO	Listening on 127.0.0.1:53747
1669727222333	mozrunner::runner	INFO	Running command: "C:\\Program Files\\Mozilla Firefox\\firefox.exe" "--marionette" "--remote-debugging-port" "53748" "--remote-allow-hosts" "localhost" "-no-remote" "-profile" "C:\\Users\\NIMRAN~1\\AppData\\Local\\Temp\\rust_mozprofileinPPuZ"
1669727223138	Marionette	INFO	Marionette enabled
1669727223147	Marionette	INFO	Listening on port 53759
Read port: 53759
WebDriver BiDi listening on ws://127.0.0.1:53748
1669727223346	RemoteAgent	WARN	TLS certificate errors will be ignored for this session
console.warn: SearchSettings: "get: No settings file exists, new profile?" (new NotFoundError("Could not open the file at C:\\Users\\NIMRAN~1\\AppData\\Local\\Temp\\rust_mozprofileinPPuZ\\search.json.mozlz4", (void 0)))
DevTools listening on ws://127.0.0.1:53748/devtools/browser/22afc1cc-a5b9-4e48-a0c1-11b7ae31408d
1669727231807	Marionette	WARN	Ignoring event 'DOMContentLoaded' because document has an invalid readyState of 'complete'.
1669727360028	Marionette	WARN	TimedPromise timed out after 500 ms: stacktrace:
TimedPromise/<@chrome://remote/content/marionette/sync.sys.mjs:220:24
TimedPromise@chrome://remote/content/marionette/sync.sys.mjs:205:10
interaction.flushEventLoop@chrome://remote/content/marionette/interaction.sys.mjs:425:10
webdriverClickElement@chrome://remote/content/marionette/interaction.sys.mjs:173:31
1669727402643	Marionette	WARN	TimedPromise timed out after 500 ms: stacktrace:
TimedPromise/<@chrome://remote/content/marionette/sync.sys.mjs:220:24
TimedPromise@chrome://remote/content/marionette/sync.sys.mjs:205:10
interaction.flushEventLoop@chrome://remote/content/marionette/interaction.sys.mjs:425:10
webdriverClickElement@chrome://remote/content/marionette/interaction.sys.mjs:173:31
1669727433532	Marionette	WARN	TimedPromise timed out after 500 ms: stacktrace:
TimedPromise/<@chrome://remote/content/marionette/sync.sys.mjs:220:24
TimedPromise@chrome://remote/content/marionette/sync.sys.mjs:205:10
interaction.flushEventLoop@chrome://remote/content/marionette/interaction.sys.mjs:425:10
webdriverClickElement@chrome://remote/content/marionette/interaction.sys.mjs:173:31
1669727483198	Marionette	INFO	Stopped listening on port 53759
console.warn: TopSitesFeed: Failed to fetch data from Contile server: NetworkError when attempting to fetch resource.
!!! error running onStopped callback: TypeError: callback is not a function
1669806100957	geckodriver	INFO	Listening on 127.0.0.1:52754
1669806103993	mozrunner::runner	INFO	Running command: "C:\\Program Files\\Mozilla Firefox\\firefox.exe" "--marionette" "--remote-debugging-port" "52755" "--remote-allow-hosts" "localhost" "-no-remote" "-profile" "C:\\Users\\NIMRAN~1\\AppData\\Local\\Temp\\rust_mozprofilejkmYM7"
1669806104921	Marionette	INFO	Marionette enabled
1669806104938	Marionette	INFO	Listening on port 52766
Read port: 52766
WebDriver BiDi listening on ws://127.0.0.1:52755
1669806105221	RemoteAgent	WARN	TLS certificate errors will be ignored for this session
console.warn: SearchSettings: "get: No settings file exists, new profile?" (new NotFoundError("Could not open the file at C:\\Users\\NIMRAN~1\\AppData\\Local\\Temp\\rust_mozprofilejkmYM7\\search.json.mozlz4", (void 0)))
DevTools listening on ws://127.0.0.1:52755/devtools/browser/94d250ac-4d45-44b3-83e3-98effa2bec53
1669806113337	Marionette	WARN	Ignoring event 'DOMContentLoaded' because document has an invalid readyState of 'complete'.
1669807673225	geckodriver	INFO	Listening on 127.0.0.1:53073
1669807676246	mozrunner::runner	INFO	Running command: "C:\\Program Files\\Mozilla Firefox\\firefox.exe" "--marionette" "--remote-debugging-port" "53074" "--remote-allow-hosts" "localhost" "-no-remote" "-profile" "C:\\Users\\NIMRAN~1\\AppData\\Local\\Temp\\rust_mozprofile8KE8FL"
1669807676895	Marionette	INFO	Marionette enabled
1669807676904	Marionette	INFO	Listening on port 53085
Read port: 53085
WebDriver BiDi listening on ws://127.0.0.1:53074
1669807677145	RemoteAgent	WARN	TLS certificate errors will be ignored for this session
console.warn: SearchSettings: "get: No settings file exists, new profile?" (new NotFoundError("Could not open the file at C:\\Users\\NIMRAN~1\\AppData\\Local\\Temp\\rust_mozprofile8KE8FL\\search.json.mozlz4", (void 0)))
DevTools listening on ws://127.0.0.1:53074/devtools/browser/d321f98b-3230-40e6-bccc-c2aa42ee5abd
1669807683971	Marionette	WARN	Ignoring event 'DOMContentLoaded' because document has an invalid readyState of 'complete'.
1669807688743	Marionette	WARN	TimedPromise timed out after 500 ms: stacktrace:
TimedPromise/<@chrome://remote/content/marionette/sync.sys.mjs:220:24
TimedPromise@chrome://remote/content/marionette/sync.sys.mjs:205:10
interaction.flushEventLoop@chrome://remote/content/marionette/interaction.sys.mjs:425:10
webdriverClickElement@chrome://remote/content/marionette/interaction.sys.mjs:173:31
1669807752254	geckodriver	INFO	Listening on 127.0.0.1:53226
1669807755292	mozrunner::runner	INFO	Running command: "C:\\Program Files\\Mozilla Firefox\\firefox.exe" "--marionette" "--remote-debugging-port" "53227" "--remote-allow-hosts" "localhost" "-no-remote" "-profile" "C:\\Users\\NIMRAN~1\\AppData\\Local\\Temp\\rust_mozprofileE7qUbe"
1669807756173	Marionette	INFO	Marionette enabled
1669807756181	Marionette	INFO	Listening on port 53236
Read port: 53236
WebDriver BiDi listening on ws://127.0.0.1:53227
1669807756435	RemoteAgent	WARN	TLS certificate errors will be ignored for this session
console.warn: SearchSettings: "get: No settings file exists, new profile?" (new NotFoundError("Could not open the file at C:\\Users\\NIMRAN~1\\AppData\\Local\\Temp\\rust_mozprofileE7qUbe\\search.json.mozlz4", (void 0)))
DevTools listening on ws://127.0.0.1:53227/devtools/browser/941a94e7-3ee1-495a-852a-f20a7a79bd2c
1669807793259	Marionette	WARN	Ignoring event 'DOMContentLoaded' because document has an invalid readyState of 'complete'.
1669807797034	Marionette	WARN	TimedPromise timed out after 500 ms: stacktrace:
TimedPromise/<@chrome://remote/content/marionette/sync.sys.mjs:220:24
TimedPromise@chrome://remote/content/marionette/sync.sys.mjs:205:10
interaction.flushEventLoop@chrome://remote/content/marionette/interaction.sys.mjs:425:10
webdriverClickElement@chrome://remote/content/marionette/interaction.sys.mjs:173:31
1669807798736	Marionette	WARN	TimedPromise timed out after 500 ms: stacktrace:
TimedPromise/<@chrome://remote/content/marionette/sync.sys.mjs:220:24
TimedPromise@chrome://remote/content/marionette/sync.sys.mjs:205:10
interaction.flushEventLoop@chrome://remote/content/marionette/interaction.sys.mjs:425:10
webdriverClickElement@chrome://remote/content/marionette/interaction.sys.mjs:173:31
1669807944392	Marionette	WARN	TimedPromise timed out after 500 ms: stacktrace:
TimedPromise/<@chrome://remote/content/marionette/sync.sys.mjs:220:24
TimedPromise@chrome://remote/content/marionette/sync.sys.mjs:205:10
interaction.flushEventLoop@chrome://remote/content/marionette/interaction.sys.mjs:425:10
webdriverClickElement@chrome://remote/content/marionette/interaction.sys.mjs:173:31
1669808003021	Marionette	WARN	TimedPromise timed out after 500 ms: stacktrace:
TimedPromise/<@chrome://remote/content/marionette/sync.sys.mjs:220:24
TimedPromise@chrome://remote/content/marionette/sync.sys.mjs:205:10
interaction.flushEventLoop@chrome://remote/content/marionette/interaction.sys.mjs:425:10
webdriverClickElement@chrome://remote/content/marionette/interaction.sys.mjs:173:31
1669808139300	Marionette	WARN	TimedPromise timed out after 500 ms: stacktrace:
TimedPromise/<@chrome://remote/content/marionette/sync.sys.mjs:220:24
TimedPromise@chrome://remote/content/marionette/sync.sys.mjs:205:10
interaction.flushEventLoop@chrome://remote/content/marionette/interaction.sys.mjs:425:10
webdriverClickElement@chrome://remote/content/marionette/interaction.sys.mjs:173:31
1669808160506	Marionette	WARN	TimedPromise timed out after 500 ms: stacktrace:
TimedPromise/<@chrome://remote/content/marionette/sync.sys.mjs:220:24
TimedPromise@chrome://remote/content/marionette/sync.sys.mjs:205:10
interaction.flushEventLoop@chrome://remote/content/marionette/interaction.sys.mjs:425:10
webdriverClickElement@chrome://remote/content/marionette/interaction.sys.mjs:173:31
1669808185370	Marionette	WARN	TimedPromise timed out after 500 ms: stacktrace:
TimedPromise/<@chrome://remote/content/marionette/sync.sys.mjs:220:24
TimedPromise@chrome://remote/content/marionette/sync.sys.mjs:205:10
interaction.flushEventLoop@chrome://remote/content/marionette/interaction.sys.mjs:425:10
webdriverClickElement@chrome://remote/content/marionette/interaction.sys.mjs:173:31
1669808217197	Marionette	WARN	TimedPromise timed out after 500 ms: stacktrace:
TimedPromise/<@chrome://remote/content/marionette/sync.sys.mjs:220:24
TimedPromise@chrome://remote/content/marionette/sync.sys.mjs:205:10
interaction.flushEventLoop@chrome://remote/content/marionette/interaction.sys.mjs:425:10
webdriverClickElement@chrome://remote/content/marionette/interaction.sys.mjs:173:31
